<?xml version="1.0" encoding="UTF-8"?>
<coverage generated="1768996689069" clover="3.2.0">
  <project timestamp="1768996689069" name="All files">
    <metrics statements="56" coveredstatements="51" conditionals="14" coveredconditionals="8" methods="5" coveredmethods="4" elements="75" coveredelements="63" complexity="0" loc="56" ncloc="56" packages="3" files="3" classes="3"/>
    <package name="infra">
      <metrics statements="2" coveredstatements="2" conditionals="4" coveredconditionals="4" methods="0" coveredmethods="0"/>
      <file name="parameter.ts" path="/Volumes/data/aws-workspace/tsumiki-test-project/infra/parameter.ts">
        <metrics statements="2" coveredstatements="2" conditionals="4" coveredconditionals="4" methods="0" coveredmethods="0"/>
        <line num="16" count="1" type="stmt"/>
        <line num="31" count="1" type="stmt"/>
      </file>
    </package>
    <package name="infra.lib.construct.database">
      <metrics statements="40" coveredstatements="35" conditionals="10" coveredconditionals="4" methods="4" coveredmethods="3"/>
      <file name="aurora-construct.ts" path="/Volumes/data/aws-workspace/tsumiki-test-project/infra/lib/construct/database/aurora-construct.ts">
        <metrics statements="40" coveredstatements="35" conditionals="10" coveredconditionals="4" methods="4" coveredmethods="3"/>
        <line num="35" count="1" type="stmt"/>
        <line num="36" count="1" type="stmt"/>
        <line num="37" count="1" type="stmt"/>
        <line num="38" count="1" type="stmt"/>
        <line num="39" count="1" type="stmt"/>
        <line num="41" count="1" type="stmt"/>
        <line num="52" count="1" type="stmt"/>
        <line num="58" count="1" type="stmt"/>
        <line num="64" count="1" type="stmt"/>
        <line num="70" count="1" type="stmt"/>
        <line num="81" count="1" type="stmt"/>
        <line num="87" count="1" type="stmt"/>
        <line num="93" count="1" type="stmt"/>
        <line num="99" count="1" type="stmt"/>
        <line num="105" count="1" type="stmt"/>
        <line num="111" count="1" type="stmt"/>
        <line num="122" count="1" type="stmt"/>
        <line num="128" count="1" type="stmt"/>
        <line num="134" count="1" type="stmt"/>
        <line num="140" count="1" type="stmt"/>
        <line num="146" count="1" type="stmt"/>
        <line num="169" count="34" type="cond" truecount="0" falsecount="1"/>
        <line num="170" count="0" type="stmt"/>
        <line num="177" count="34" type="cond" truecount="0" falsecount="1"/>
        <line num="178" count="0" type="stmt"/>
        <line num="185" count="34" type="cond" truecount="0" falsecount="1"/>
        <line num="186" count="0" type="stmt"/>
        <line num="204" count="34" type="cond" truecount="0" falsecount="1"/>
        <line num="208" count="0" type="stmt"/>
        <line num="327" count="1" type="stmt"/>
        <line num="380" count="34" type="stmt"/>
        <line num="394" count="34" type="stmt"/>
        <line num="402" count="34" type="stmt"/>
        <line num="405" count="34" type="stmt"/>
        <line num="408" count="34" type="stmt"/>
        <line num="414" count="34" type="stmt"/>
        <line num="429" count="34" type="stmt"/>
        <line num="490" count="34" type="stmt"/>
        <line num="494" count="34" type="stmt"/>
        <line num="572" count="0" type="stmt"/>
      </file>
    </package>
    <package name="infra.lib.stack">
      <metrics statements="14" coveredstatements="14" conditionals="0" coveredconditionals="0" methods="1" coveredmethods="1"/>
      <file name="database-stack.ts" path="/Volumes/data/aws-workspace/tsumiki-test-project/infra/lib/stack/database-stack.ts">
        <metrics statements="14" coveredstatements="14" conditionals="0" coveredconditionals="0" methods="1" coveredmethods="1"/>
        <line num="23" count="1" type="stmt"/>
        <line num="29" count="1" type="stmt"/>
        <line num="45" count="1" type="stmt"/>
        <line num="124" count="1" type="stmt"/>
        <line num="190" count="34" type="stmt"/>
        <line num="197" count="34" type="stmt"/>
        <line num="212" count="34" type="stmt"/>
        <line num="215" count="34" type="stmt"/>
        <line num="218" count="34" type="stmt"/>
        <line num="221" count="34" type="stmt"/>
        <line num="230" count="34" type="stmt"/>
        <line num="237" count="34" type="stmt"/>
        <line num="244" count="34" type="stmt"/>
        <line num="251" count="34" type="stmt"/>
      </file>
    </package>
  </project>
</coverage>
