<?xml version="1.0" encoding="UTF-8"?>
<coverage generated="1770298730880" clover="3.2.0">
  <project timestamp="1770298730880" name="All files">
    <metrics statements="81" coveredstatements="81" conditionals="55" coveredconditionals="52" methods="11" coveredmethods="11" elements="147" coveredelements="144" complexity="0" loc="81" ncloc="81" packages="1" files="2" classes="2"/>
    <file name="alarm-construct.ts" path="/Volumes/data/aws-workspace/tsumiki-test-project/infra/lib/construct/monitoring/alarm-construct.ts">
      <metrics statements="58" coveredstatements="58" conditionals="36" coveredconditionals="34" methods="6" coveredmethods="6"/>
      <line num="21" count="1" type="stmt"/>
      <line num="22" count="1" type="stmt"/>
      <line num="23" count="1" type="stmt"/>
      <line num="24" count="1" type="stmt"/>
      <line num="25" count="1" type="stmt"/>
      <line num="26" count="1" type="stmt"/>
      <line num="27" count="1" type="stmt"/>
      <line num="39" count="1" type="stmt"/>
      <line num="45" count="1" type="stmt"/>
      <line num="51" count="1" type="stmt"/>
      <line num="57" count="1" type="stmt"/>
      <line num="63" count="1" type="stmt"/>
      <line num="69" count="1" type="stmt"/>
      <line num="75" count="1" type="stmt"/>
      <line num="217" count="1" type="stmt"/>
      <line num="284" count="30" type="stmt"/>
      <line num="290" count="30" type="stmt"/>
      <line num="296" count="25" type="cond" truecount="4" falsecount="0"/>
      <line num="297" count="25" type="cond" truecount="4" falsecount="0"/>
      <line num="298" count="25" type="cond" truecount="3" falsecount="1"/>
      <line num="299" count="25" type="cond" truecount="3" falsecount="1"/>
      <line num="305" count="25" type="stmt"/>
      <line num="306" count="25" type="stmt"/>
      <line num="312" count="25" type="stmt"/>
      <line num="322" count="25" type="stmt"/>
      <line num="336" count="25" type="stmt"/>
      <line num="345" count="25" type="stmt"/>
      <line num="365" count="30" type="cond" truecount="3" falsecount="0"/>
      <line num="366" count="1" type="stmt"/>
      <line num="370" count="29" type="cond" truecount="1" falsecount="0"/>
      <line num="371" count="3" type="cond" truecount="3" falsecount="0"/>
      <line num="372" count="2" type="stmt"/>
      <line num="377" count="27" type="cond" truecount="1" falsecount="0"/>
      <line num="378" count="3" type="cond" truecount="3" falsecount="0"/>
      <line num="379" count="2" type="stmt"/>
      <line num="396" count="25" type="stmt"/>
      <line num="404" count="25" type="stmt"/>
      <line num="410" count="25" type="stmt"/>
      <line num="426" count="25" type="stmt"/>
      <line num="459" count="50" type="cond" truecount="4" falsecount="0"/>
      <line num="460" count="20" type="stmt"/>
      <line num="463" count="30" type="stmt"/>
      <line num="465" count="30" type="stmt"/>
      <line num="466" count="42" type="stmt"/>
      <line num="485" count="42" type="stmt"/>
      <line num="487" count="42" type="stmt"/>
      <line num="490" count="30" type="stmt"/>
      <line num="509" count="25" type="cond" truecount="3" falsecount="0"/>
      <line num="510" count="18" type="stmt"/>
      <line num="513" count="7" type="stmt"/>
      <line num="515" count="7" type="stmt"/>
      <line num="516" count="8" type="stmt"/>
      <line num="517" count="8" type="stmt"/>
      <line num="520" count="8" type="stmt"/>
      <line num="529" count="8" type="stmt"/>
      <line num="539" count="8" type="stmt"/>
      <line num="541" count="8" type="stmt"/>
      <line num="544" count="7" type="stmt"/>
    </file>
    <file name="chatbot-construct.ts" path="/Volumes/data/aws-workspace/tsumiki-test-project/infra/lib/construct/monitoring/chatbot-construct.ts">
      <metrics statements="23" coveredstatements="23" conditionals="19" coveredconditionals="18" methods="5" coveredmethods="5"/>
      <line num="21" count="1" type="stmt"/>
      <line num="22" count="1" type="stmt"/>
      <line num="24" count="1" type="stmt"/>
      <line num="118" count="1" type="stmt"/>
      <line num="165" count="16" type="stmt"/>
      <line num="171" count="16" type="stmt"/>
      <line num="177" count="13" type="cond" truecount="3" falsecount="1"/>
      <line num="178" count="13" type="stmt"/>
      <line num="183" count="13" type="cond" truecount="2" falsecount="0"/>
      <line num="189" count="13" type="cond" truecount="1" falsecount="0"/>
      <line num="191" count="9" type="stmt"/>
      <line num="194" count="9" type="stmt"/>
      <line num="217" count="16" type="cond" truecount="3" falsecount="0"/>
      <line num="218" count="1" type="stmt"/>
      <line num="222" count="15" type="cond" truecount="2" falsecount="0"/>
      <line num="223" count="15" type="cond" truecount="2" falsecount="0"/>
      <line num="226" count="15" type="cond" truecount="1" falsecount="0"/>
      <line num="227" count="2" type="stmt"/>
      <line num="248" count="13" type="stmt"/>
      <line num="268" count="9" type="stmt"/>
      <line num="275" count="9" type="stmt"/>
      <line num="290" count="9" type="stmt"/>
      <line num="315" count="9" type="stmt"/>
    </file>
  </project>
</coverage>
