{"/Volumes/data/aws-workspace/tsumiki-test-project/infra/lib/construct/monitoring/alarm-construct.ts": {"path":"/Volumes/data/aws-workspace/tsumiki-test-project/infra/lib/construct/monitoring/alarm-construct.ts","statementMap":{"0":{"start":{"line":21,"column":0},"end":{"line":21,"column":35}},"1":{"start":{"line":22,"column":0},"end":{"line":22,"column":57}},"2":{"start":{"line":23,"column":0},"end":{"line":23,"column":73}},"3":{"start":{"line":24,"column":0},"end":{"line":24,"column":45}},"4":{"start":{"line":25,"column":0},"end":{"line":25,"column":43}},"5":{"start":{"line":26,"column":0},"end":{"line":26,"column":43}},"6":{"start":{"line":27,"column":0},"end":{"line":27,"column":39}},"7":{"start":{"line":39,"column":30},"end":{"line":39,"column":32}},"8":{"start":{"line":45,"column":33},"end":{"line":45,"column":35}},"9":{"start":{"line":51,"column":42},"end":{"line":51,"column":43}},"10":{"start":{"line":57,"column":36},"end":{"line":57,"column":37}},"11":{"start":{"line":63,"column":30},"end":{"line":63,"column":31}},"12":{"start":{"line":69,"column":29},"end":{"line":69,"column":77}},"13":{"start":{"line":75,"column":31},"end":{"line":75,"column":51}},"14":{"start":{"line":284,"column":4},"end":{"line":284,"column":21}},"15":{"start":{"line":290,"column":4},"end":{"line":290,"column":30}},"16":{"start":{"line":296,"column":25},"end":{"line":296,"column":68}},"17":{"start":{"line":297,"column":28},"end":{"line":297,"column":77}},"18":{"start":{"line":298,"column":30},"end":{"line":298,"column":90}},"19":{"start":{"line":299,"column":30},"end":{"line":299,"column":84}},"20":{"start":{"line":305,"column":19},"end":{"line":305,"column":51}},"21":{"start":{"line":306,"column":4},"end":{"line":306,"column":65}},"22":{"start":{"line":312,"column":4},"end":{"line":320,"column":6}},"23":{"start":{"line":322,"column":4},"end":{"line":330,"column":6}},"24":{"start":{"line":336,"column":4},"end":{"line":339,"column":6}},"25":{"start":{"line":345,"column":4},"end":{"line":349,"column":6}},"26":{"start":{"line":365,"column":4},"end":{"line":367,"column":5}},"27":{"start":{"line":366,"column":6},"end":{"line":366,"column":44}},"28":{"start":{"line":370,"column":4},"end":{"line":374,"column":5}},"29":{"start":{"line":371,"column":6},"end":{"line":373,"column":7}},"30":{"start":{"line":372,"column":8},"end":{"line":372,"column":61}},"31":{"start":{"line":377,"column":4},"end":{"line":381,"column":5}},"32":{"start":{"line":378,"column":6},"end":{"line":380,"column":7}},"33":{"start":{"line":379,"column":8},"end":{"line":379,"column":64}},"34":{"start":{"line":396,"column":19},"end":{"line":401,"column":6}},"35":{"start":{"line":404,"column":4},"end":{"line":408,"column":6}},"36":{"start":{"line":410,"column":4},"end":{"line":410,"column":18}},"37":{"start":{"line":426,"column":4},"end":{"line":429,"column":7}},"38":{"start":{"line":459,"column":4},"end":{"line":461,"column":5}},"39":{"start":{"line":460,"column":6},"end":{"line":460,"column":16}},"40":{"start":{"line":463,"column":40},"end":{"line":463,"column":42}},"41":{"start":{"line":465,"column":4},"end":{"line":488,"column":5}},"42":{"start":{"line":466,"column":20},"end":{"line":482,"column":8}},"43":{"start":{"line":485,"column":6},"end":{"line":485,"column":78}},"44":{"start":{"line":487,"column":6},"end":{"line":487,"column":25}},"45":{"start":{"line":490,"column":4},"end":{"line":490,"column":18}},"46":{"start":{"line":509,"column":4},"end":{"line":511,"column":5}},"47":{"start":{"line":510,"column":6},"end":{"line":510,"column":16}},"48":{"start":{"line":513,"column":40},"end":{"line":513,"column":42}},"49":{"start":{"line":515,"column":4},"end":{"line":542,"column":5}},"50":{"start":{"line":515,"column":17},"end":{"line":515,"column":18}},"51":{"start":{"line":516,"column":23},"end":{"line":516,"column":35}},"52":{"start":{"line":517,"column":21},"end":{"line":517,"column":33}},"53":{"start":{"line":520,"column":27},"end":{"line":526,"column":8}},"54":{"start":{"line":529,"column":20},"end":{"line":536,"column":8}},"55":{"start":{"line":539,"column":6},"end":{"line":539,"column":78}},"56":{"start":{"line":541,"column":6},"end":{"line":541,"column":25}},"57":{"start":{"line":544,"column":4},"end":{"line":544,"column":18}},"58":{"start":{"line":217,"column":0},"end":{"line":217,"column":13}}},"fnMap":{"0":{"name":"(anonymous_0)","decl":{"start":{"line":283,"column":2},"end":{"line":283,"column":14}},"loc":{"start":{"line":283,"column":70},"end":{"line":350,"column":3}}},"1":{"name":"(anonymous_1)","decl":{"start":{"line":363,"column":10},"end":{"line":363,"column":23}},"loc":{"start":{"line":363,"column":50},"end":{"line":382,"column":3}}},"2":{"name":"(anonymous_2)","decl":{"start":{"line":395,"column":10},"end":{"line":395,"column":22}},"loc":{"start":{"line":395,"column":38},"end":{"line":411,"column":3}}},"3":{"name":"(anonymous_3)","decl":{"start":{"line":425,"column":10},"end":{"line":425,"column":24}},"loc":{"start":{"line":425,"column":57},"end":{"line":430,"column":3}}},"4":{"name":"(anonymous_4)","decl":{"start":{"line":449,"column":10},"end":{"line":449,"column":25}},"loc":{"start":{"line":456,"column":23},"end":{"line":491,"column":3}}},"5":{"name":"(anonymous_5)","decl":{"start":{"line":505,"column":10},"end":{"line":505,"column":27}},"loc":{"start":{"line":507,"column":19},"end":{"line":545,"column":3}}}},"branchMap":{"0":{"loc":{"start":{"line":296,"column":25},"end":{"line":296,"column":68}},"type":"cond-expr","locations":[{"start":{"line":296,"column":43},"end":{"line":296,"column":47}},{"start":{"line":296,"column":47},"end":{"line":296,"column":68}}]},"1":{"loc":{"start":{"line":296,"column":25},"end":{"line":296,"column":47}},"type":"binary-expr","locations":[{"start":{"line":296,"column":25},"end":{"line":296,"column":47}},{"start":{"line":296,"column":43},"end":{"line":296,"column":47}}]},"2":{"loc":{"start":{"line":297,"column":28},"end":{"line":297,"column":77}},"type":"cond-expr","locations":[{"start":{"line":297,"column":49},"end":{"line":297,"column":53}},{"start":{"line":297,"column":53},"end":{"line":297,"column":77}}]},"3":{"loc":{"start":{"line":297,"column":28},"end":{"line":297,"column":53}},"type":"binary-expr","locations":[{"start":{"line":297,"column":28},"end":{"line":297,"column":53}},{"start":{"line":297,"column":49},"end":{"line":297,"column":53}}]},"4":{"loc":{"start":{"line":298,"column":30},"end":{"line":298,"column":90}},"type":"cond-expr","locations":[{"start":{"line":298,"column":53},"end":{"line":298,"column":57}},{"start":{"line":298,"column":57},"end":{"line":298,"column":90}}]},"5":{"loc":{"start":{"line":298,"column":30},"end":{"line":298,"column":57}},"type":"binary-expr","locations":[{"start":{"line":298,"column":30},"end":{"line":298,"column":57}},{"start":{"line":298,"column":53},"end":{"line":298,"column":57}}]},"6":{"loc":{"start":{"line":299,"column":30},"end":{"line":299,"column":84}},"type":"cond-expr","locations":[{"start":{"line":299,"column":53},"end":{"line":299,"column":57}},{"start":{"line":299,"column":57},"end":{"line":299,"column":84}}]},"7":{"loc":{"start":{"line":299,"column":30},"end":{"line":299,"column":57}},"type":"binary-expr","locations":[{"start":{"line":299,"column":30},"end":{"line":299,"column":57}},{"start":{"line":299,"column":53},"end":{"line":299,"column":57}}]},"8":{"loc":{"start":{"line":365,"column":4},"end":{"line":367,"column":5}},"type":"if","locations":[{"start":{"line":365,"column":4},"end":{"line":367,"column":5}}]},"9":{"loc":{"start":{"line":365,"column":8},"end":{"line":365,"column":53}},"type":"binary-expr","locations":[{"start":{"line":365,"column":8},"end":{"line":365,"column":22}},{"start":{"line":365,"column":26},"end":{"line":365,"column":53}}]},"10":{"loc":{"start":{"line":370,"column":4},"end":{"line":374,"column":5}},"type":"if","locations":[{"start":{"line":370,"column":4},"end":{"line":374,"column":5}}]},"11":{"loc":{"start":{"line":371,"column":6},"end":{"line":373,"column":7}},"type":"if","locations":[{"start":{"line":371,"column":6},"end":{"line":373,"column":7}}]},"12":{"loc":{"start":{"line":371,"column":10},"end":{"line":371,"column":61}},"type":"binary-expr","locations":[{"start":{"line":371,"column":10},"end":{"line":371,"column":33}},{"start":{"line":371,"column":37},"end":{"line":371,"column":61}}]},"13":{"loc":{"start":{"line":377,"column":4},"end":{"line":381,"column":5}},"type":"if","locations":[{"start":{"line":377,"column":4},"end":{"line":381,"column":5}}]},"14":{"loc":{"start":{"line":378,"column":6},"end":{"line":380,"column":7}},"type":"if","locations":[{"start":{"line":378,"column":6},"end":{"line":380,"column":7}}]},"15":{"loc":{"start":{"line":378,"column":10},"end":{"line":378,"column":67}},"type":"binary-expr","locations":[{"start":{"line":378,"column":10},"end":{"line":378,"column":36}},{"start":{"line":378,"column":40},"end":{"line":378,"column":67}}]},"16":{"loc":{"start":{"line":400,"column":8},"end":{"line":400,"column":81}},"type":"cond-expr","locations":[{"start":{"line":400,"column":29},"end":{"line":400,"column":53}},{"start":{"line":400,"column":56},"end":{"line":400,"column":81}}]},"17":{"loc":{"start":{"line":459,"column":4},"end":{"line":461,"column":5}},"type":"if","locations":[{"start":{"line":459,"column":4},"end":{"line":461,"column":5}}]},"18":{"loc":{"start":{"line":459,"column":8},"end":{"line":459,"column":66}},"type":"binary-expr","locations":[{"start":{"line":459,"column":8},"end":{"line":459,"column":20}},{"start":{"line":459,"column":24},"end":{"line":459,"column":37}},{"start":{"line":459,"column":41},"end":{"line":459,"column":66}}]},"19":{"loc":{"start":{"line":509,"column":4},"end":{"line":511,"column":5}},"type":"if","locations":[{"start":{"line":509,"column":4},"end":{"line":511,"column":5}}]},"20":{"loc":{"start":{"line":509,"column":8},"end":{"line":509,"column":44}},"type":"binary-expr","locations":[{"start":{"line":509,"column":8},"end":{"line":509,"column":18}},{"start":{"line":509,"column":22},"end":{"line":509,"column":44}}]}},"s":{"0":1,"1":1,"2":1,"3":1,"4":1,"5":1,"6":1,"7":1,"8":1,"9":1,"10":1,"11":1,"12":1,"13":1,"14":30,"15":30,"16":25,"17":25,"18":25,"19":25,"20":25,"21":25,"22":25,"23":25,"24":25,"25":25,"26":30,"27":1,"28":29,"29":3,"30":2,"31":27,"32":3,"33":2,"34":25,"35":25,"36":25,"37":25,"38":50,"39":20,"40":30,"41":30,"42":42,"43":42,"44":42,"45":30,"46":25,"47":18,"48":7,"49":7,"50":7,"51":8,"52":8,"53":8,"54":8,"55":8,"56":8,"57":7,"58":1},"f":{"0":30,"1":30,"2":25,"3":25,"4":50,"5":25},"b":{"0":[1,24],"1":[25,25],"2":[1,24],"3":[25,25],"4":[0,25],"5":[25,25],"6":[0,25],"7":[25,25],"8":[1],"9":[30,29],"10":[3],"11":[2],"12":[3,2],"13":[3],"14":[2],"15":[3,2],"16":[1,24],"17":[20],"18":[50,30,30],"19":[18],"20":[25,7]}}
,"/Volumes/data/aws-workspace/tsumiki-test-project/infra/lib/construct/monitoring/chatbot-construct.ts": {"path":"/Volumes/data/aws-workspace/tsumiki-test-project/infra/lib/construct/monitoring/chatbot-construct.ts","statementMap":{"0":{"start":{"line":21,"column":0},"end":{"line":21,"column":51}},"1":{"start":{"line":22,"column":0},"end":{"line":22,"column":43}},"2":{"start":{"line":24,"column":0},"end":{"line":24,"column":39}},"3":{"start":{"line":165,"column":4},"end":{"line":165,"column":21}},"4":{"start":{"line":171,"column":4},"end":{"line":171,"column":30}},"5":{"start":{"line":177,"column":26},"end":{"line":177,"column":53}},"6":{"start":{"line":178,"column":27},"end":{"line":180,"column":null}},"7":{"start":{"line":183,"column":4},"end":{"line":183,"column":60}},"8":{"start":{"line":189,"column":4},"end":{"line":201,"column":5}},"9":{"start":{"line":191,"column":6},"end":{"line":191,"column":63}},"10":{"start":{"line":194,"column":6},"end":{"line":200,"column":8}},"11":{"start":{"line":217,"column":4},"end":{"line":219,"column":5}},"12":{"start":{"line":218,"column":6},"end":{"line":218,"column":60}},"13":{"start":{"line":222,"column":27},"end":{"line":222,"column":91}},"14":{"start":{"line":223,"column":25},"end":{"line":223,"column":85}},"15":{"start":{"line":226,"column":4},"end":{"line":230,"column":5}},"16":{"start":{"line":227,"column":6},"end":{"line":229,"column":8}},"17":{"start":{"line":248,"column":4},"end":{"line":253,"column":6}},"18":{"start":{"line":268,"column":17},"end":{"line":272,"column":6}},"19":{"start":{"line":275,"column":4},"end":{"line":288,"column":6}},"20":{"start":{"line":290,"column":4},"end":{"line":290,"column":16}},"21":{"start":{"line":315,"column":4},"end":{"line":322,"column":7}},"22":{"start":{"line":118,"column":0},"end":{"line":118,"column":13}}},"fnMap":{"0":{"name":"(anonymous_0)","decl":{"start":{"line":164,"column":2},"end":{"line":164,"column":14}},"loc":{"start":{"line":164,"column":72},"end":{"line":202,"column":3}}},"1":{"name":"(anonymous_1)","decl":{"start":{"line":215,"column":10},"end":{"line":215,"column":23}},"loc":{"start":{"line":215,"column":52},"end":{"line":231,"column":3}}},"2":{"name":"(anonymous_2)","decl":{"start":{"line":244,"column":10},"end":{"line":244,"column":29}},"loc":{"start":{"line":246,"column":33},"end":{"line":254,"column":3}}},"3":{"name":"(anonymous_3)","decl":{"start":{"line":267,"column":10},"end":{"line":267,"column":27}},"loc":{"start":{"line":267,"column":43},"end":{"line":291,"column":3}}},"4":{"name":"(anonymous_4)","decl":{"start":{"line":308,"column":10},"end":{"line":308,"column":41}},"loc":{"start":{"line":313,"column":19},"end":{"line":323,"column":3}}}},"branchMap":{"0":{"loc":{"start":{"line":177,"column":26},"end":{"line":177,"column":53}},"type":"cond-expr","locations":[{"start":{"line":177,"column":45},"end":{"line":177,"column":49}},{"start":{"line":177,"column":49},"end":{"line":177,"column":53}}]},"1":{"loc":{"start":{"line":177,"column":26},"end":{"line":177,"column":49}},"type":"binary-expr","locations":[{"start":{"line":177,"column":26},"end":{"line":177,"column":49}},{"start":{"line":177,"column":45},"end":{"line":177,"column":49}}]},"2":{"loc":{"start":{"line":183,"column":28},"end":{"line":183,"column":59}},"type":"binary-expr","locations":[{"start":{"line":183,"column":28},"end":{"line":183,"column":41}},{"start":{"line":183,"column":45},"end":{"line":183,"column":59}}]},"3":{"loc":{"start":{"line":189,"column":4},"end":{"line":201,"column":5}},"type":"if","locations":[{"start":{"line":189,"column":4},"end":{"line":201,"column":5}}]},"4":{"loc":{"start":{"line":217,"column":4},"end":{"line":219,"column":5}},"type":"if","locations":[{"start":{"line":217,"column":4},"end":{"line":219,"column":5}}]},"5":{"loc":{"start":{"line":217,"column":8},"end":{"line":217,"column":56}},"type":"binary-expr","locations":[{"start":{"line":217,"column":8},"end":{"line":217,"column":24}},{"start":{"line":217,"column":28},"end":{"line":217,"column":56}}]},"6":{"loc":{"start":{"line":222,"column":27},"end":{"line":222,"column":91}},"type":"binary-expr","locations":[{"start":{"line":222,"column":27},"end":{"line":222,"column":51}},{"start":{"line":222,"column":55},"end":{"line":222,"column":91}}]},"7":{"loc":{"start":{"line":223,"column":25},"end":{"line":223,"column":85}},"type":"binary-expr","locations":[{"start":{"line":223,"column":25},"end":{"line":223,"column":47}},{"start":{"line":223,"column":51},"end":{"line":223,"column":85}}]},"8":{"loc":{"start":{"line":226,"column":4},"end":{"line":230,"column":5}},"type":"if","locations":[{"start":{"line":226,"column":4},"end":{"line":230,"column":5}}]},"9":{"loc":{"start":{"line":249,"column":6},"end":{"line":252,"column":29}},"type":"binary-expr","locations":[{"start":{"line":249,"column":6},"end":{"line":249,"column":19}},{"start":{"line":250,"column":6},"end":{"line":250,"column":31}},{"start":{"line":251,"column":6},"end":{"line":251,"column":17}},{"start":{"line":252,"column":6},"end":{"line":252,"column":29}}]}},"s":{"0":1,"1":1,"2":1,"3":16,"4":16,"5":13,"6":13,"7":13,"8":13,"9":9,"10":9,"11":16,"12":1,"13":15,"14":15,"15":15,"16":2,"17":13,"18":9,"19":9,"20":9,"21":9,"22":1},"f":{"0":16,"1":16,"2":13,"3":9,"4":9},"b":{"0":[0,13],"1":[13,13],"2":[13,13],"3":[9],"4":[1],"5":[16,16],"6":[15,10],"7":[15,10],"8":[2],"9":[13,9,9,9]}}
}
