{"/Volumes/data/aws-workspace/tsumiki-test-project/infra/parameter.ts": {"path":"/Volumes/data/aws-workspace/tsumiki-test-project/infra/parameter.ts","statementMap":{"0":{"start":{"line":16,"column":13},"end":{"line":29,"column":2}},"1":{"start":{"line":31,"column":13},"end":{"line":44,"column":2}}},"fnMap":{},"branchMap":{"0":{"loc":{"start":{"line":18,"column":11},"end":{"line":18,"column":48}},"type":"binary-expr","locations":[{"start":{"line":18,"column":11},"end":{"line":18,"column":42}},{"start":{"line":18,"column":46},"end":{"line":18,"column":48}}]},"1":{"loc":{"start":{"line":33,"column":11},"end":{"line":33,"column":48}},"type":"binary-expr","locations":[{"start":{"line":33,"column":11},"end":{"line":33,"column":42}},{"start":{"line":33,"column":46},"end":{"line":33,"column":48}}]}},"s":{"0":1,"1":1},"f":{},"b":{"0":[1,1],"1":[1,1]}}
,"/Volumes/data/aws-workspace/tsumiki-test-project/infra/lib/construct/security/iam-role-construct.ts": {"path":"/Volumes/data/aws-workspace/tsumiki-test-project/infra/lib/construct/security/iam-role-construct.ts","statementMap":{"0":{"start":{"line":28,"column":0},"end":{"line":28,"column":39}},"1":{"start":{"line":29,"column":0},"end":{"line":29,"column":43}},"2":{"start":{"line":40,"column":30},"end":{"line":40,"column":62}},"3":{"start":{"line":46,"column":35},"end":{"line":46,"column":68}},"4":{"start":{"line":52,"column":28},"end":{"line":52,"column":33}},"5":{"start":{"line":156,"column":4},"end":{"line":156,"column":21}},"6":{"start":{"line":166,"column":6},"end":{"line":168,"column":29}},"7":{"start":{"line":174,"column":21},"end":{"line":182,"column":6}},"8":{"start":{"line":186,"column":4},"end":{"line":188,"column":6}},"9":{"start":{"line":192,"column":4},"end":{"line":204,"column":6}},"10":{"start":{"line":208,"column":4},"end":{"line":208,"column":29}},"11":{"start":{"line":214,"column":26},"end":{"line":222,"column":6}},"12":{"start":{"line":226,"column":4},"end":{"line":230,"column":6}},"13":{"start":{"line":234,"column":4},"end":{"line":234,"column":39}},"14":{"start":{"line":115,"column":0},"end":{"line":115,"column":13}}},"fnMap":{"0":{"name":"(anonymous_0)","decl":{"start":{"line":155,"column":2},"end":{"line":155,"column":14}},"loc":{"start":{"line":155,"column":72},"end":{"line":235,"column":3}}}},"branchMap":{"0":{"loc":{"start":{"line":166,"column":6},"end":{"line":168,"column":29}},"type":"cond-expr","locations":[{"start":{"line":167,"column":10},"end":{"line":167,"column":26}},{"start":{"line":168,"column":10},"end":{"line":168,"column":29}}]},"1":{"loc":{"start":{"line":166,"column":6},"end":{"line":166,"column":53}},"type":"binary-expr","locations":[{"start":{"line":166,"column":6},"end":{"line":166,"column":22}},{"start":{"line":166,"column":26},"end":{"line":166,"column":53}}]}},"s":{"0":1,"1":1,"2":1,"3":1,"4":1,"5":34,"6":34,"7":34,"8":34,"9":34,"10":34,"11":34,"12":34,"13":34,"14":1},"f":{"0":34},"b":{"0":[0,34],"1":[34,0]}}
,"/Volumes/data/aws-workspace/tsumiki-test-project/infra/lib/construct/security/security-group-construct.ts": {"path":"/Volumes/data/aws-workspace/tsumiki-test-project/infra/lib/construct/security/security-group-construct.ts","statementMap":{"0":{"start":{"line":28,"column":0},"end":{"line":28,"column":39}},"1":{"start":{"line":29,"column":0},"end":{"line":29,"column":43}},"2":{"start":{"line":40,"column":31},"end":{"line":40,"column":33}},"3":{"start":{"line":46,"column":18},"end":{"line":46,"column":20}},"4":{"start":{"line":52,"column":19},"end":{"line":52,"column":22}},"5":{"start":{"line":58,"column":19},"end":{"line":58,"column":23}},"6":{"start":{"line":68,"column":27},"end":{"line":68,"column":89}},"7":{"start":{"line":73,"column":27},"end":{"line":73,"column":65}},"8":{"start":{"line":78,"column":30},"end":{"line":78,"column":72}},"9":{"start":{"line":207,"column":4},"end":{"line":207,"column":21}},"10":{"start":{"line":213,"column":60},"end":{"line":213,"column":65}},"11":{"start":{"line":219,"column":4},"end":{"line":229,"column":7}},"12":{"start":{"line":233,"column":4},"end":{"line":237,"column":6}},"13":{"start":{"line":241,"column":4},"end":{"line":245,"column":6}},"14":{"start":{"line":251,"column":4},"end":{"line":261,"column":7}},"15":{"start":{"line":266,"column":4},"end":{"line":270,"column":6}},"16":{"start":{"line":276,"column":4},"end":{"line":287,"column":7}},"17":{"start":{"line":292,"column":4},"end":{"line":296,"column":6}},"18":{"start":{"line":156,"column":0},"end":{"line":156,"column":13}}},"fnMap":{"0":{"name":"(anonymous_0)","decl":{"start":{"line":206,"column":2},"end":{"line":206,"column":14}},"loc":{"start":{"line":206,"column":78},"end":{"line":297,"column":3}}}},"branchMap":{"0":{"loc":{"start":{"line":213,"column":17},"end":{"line":213,"column":55}},"type":"default-arg","locations":[{"start":{"line":213,"column":33},"end":{"line":213,"column":55}}]}},"s":{"0":1,"1":1,"2":1,"3":1,"4":1,"5":1,"6":1,"7":1,"8":1,"9":34,"10":34,"11":34,"12":34,"13":34,"14":34,"15":34,"16":34,"17":34,"18":1},"f":{"0":34},"b":{"0":[34]}}
,"/Volumes/data/aws-workspace/tsumiki-test-project/infra/lib/stack/security-stack.ts": {"path":"/Volumes/data/aws-workspace/tsumiki-test-project/infra/lib/stack/security-stack.ts","statementMap":{"0":{"start":{"line":22,"column":0},"end":{"line":22,"column":35}},"1":{"start":{"line":27,"column":0},"end":{"line":27,"column":88}},"2":{"start":{"line":28,"column":0},"end":{"line":28,"column":76}},"3":{"start":{"line":139,"column":4},"end":{"line":139,"column":28}},"4":{"start":{"line":144,"column":27},"end":{"line":147,"column":6}},"5":{"start":{"line":152,"column":21},"end":{"line":154,"column":6}},"6":{"start":{"line":161,"column":4},"end":{"line":161,"column":60}},"7":{"start":{"line":162,"column":4},"end":{"line":162,"column":60}},"8":{"start":{"line":163,"column":4},"end":{"line":163,"column":66}},"9":{"start":{"line":166,"column":4},"end":{"line":166,"column":41}},"10":{"start":{"line":167,"column":4},"end":{"line":167,"column":55}},"11":{"start":{"line":174,"column":4},"end":{"line":178,"column":7}},"12":{"start":{"line":180,"column":4},"end":{"line":184,"column":7}},"13":{"start":{"line":186,"column":4},"end":{"line":190,"column":7}},"14":{"start":{"line":193,"column":4},"end":{"line":197,"column":7}},"15":{"start":{"line":199,"column":4},"end":{"line":203,"column":7}},"16":{"start":{"line":87,"column":0},"end":{"line":87,"column":13}}},"fnMap":{"0":{"name":"(anonymous_0)","decl":{"start":{"line":138,"column":2},"end":{"line":138,"column":14}},"loc":{"start":{"line":138,"column":69},"end":{"line":204,"column":3}}}},"branchMap":{},"s":{"0":1,"1":1,"2":1,"3":34,"4":34,"5":34,"6":34,"7":34,"8":34,"9":34,"10":34,"11":34,"12":34,"13":34,"14":34,"15":34,"16":1},"f":{"0":34},"b":{}}
}
