TN:
SF:lib/construct/security/waf-construct.ts
FN:129,validateEnvName
FN:355,(anonymous_1)
FN:387,(anonymous_2)
FN:503,(anonymous_3)
FN:531,(anonymous_4)
FN:561,(anonymous_5)
FNF:6
FNH:5
FNDA:30,validateEnvName
FNDA:30,(anonymous_1)
FNDA:60,(anonymous_2)
FNDA:5,(anonymous_3)
FNDA:0,(anonymous_4)
FNDA:29,(anonymous_5)
DA:27,1
DA:28,1
DA:29,1
DA:40,1
DA:46,1
DA:52,1
DA:58,1
DA:75,1
DA:77,1
DA:108,1
DA:131,30
DA:132,0
DA:136,30
DA:137,0
DA:144,30
DA:145,30
DA:146,0
DA:179,1
DA:288,1
DA:343,30
DA:356,30
DA:368,30
DA:376,30
DA:381,30
DA:387,60
DA:423,30
DA:453,30
DA:454,30
DA:460,30
DA:463,29
DA:470,29
DA:474,29
DA:506,5
DA:510,5
DA:514,5
DA:533,0
DA:537,0
DA:540,0
DA:564,29
LF:39
LH:33
BRDA:131,0,0,0
BRDA:131,1,0,30
BRDA:131,1,1,30
BRDA:136,2,0,0
BRDA:145,3,0,0
BRDA:364,4,0,28
BRDA:365,5,0,23
BRDA:366,6,0,29
BRDA:381,7,0,1
BRDA:381,7,1,29
BRDA:381,8,0,30
BRDA:381,8,1,2
BRDA:460,9,0,29
BRDA:564,10,0,29
BRDA:564,10,1,0
BRDA:564,11,0,29
BRDA:564,11,1,29
BRF:17
BRH:13
end_of_record
