TN:
SF:parameter.ts
FNF:0
FNH:0
DA:16,1
DA:31,1
LF:2
LH:2
BRDA:18,0,0,1
BRDA:18,0,1,1
BRDA:33,1,0,1
BRDA:33,1,1,1
BRF:4
BRH:4
end_of_record
TN:
SF:lib/construct/security/iam-role-construct.ts
FN:155,(anonymous_0)
FNF:1
FNH:1
FNDA:34,(anonymous_0)
DA:28,1
DA:29,1
DA:40,1
DA:46,1
DA:52,1
DA:115,1
DA:156,34
DA:166,34
DA:174,34
DA:186,34
DA:192,34
DA:208,34
DA:214,34
DA:226,34
DA:234,34
LF:15
LH:15
BRDA:166,0,0,0
BRDA:166,0,1,34
BRDA:166,1,0,34
BRDA:166,1,1,0
BRF:4
BRH:2
end_of_record
TN:
SF:lib/construct/security/security-group-construct.ts
FN:206,(anonymous_0)
FNF:1
FNH:1
FNDA:34,(anonymous_0)
DA:28,1
DA:29,1
DA:40,1
DA:46,1
DA:52,1
DA:58,1
DA:68,1
DA:73,1
DA:78,1
DA:156,1
DA:207,34
DA:213,34
DA:219,34
DA:233,34
DA:241,34
DA:251,34
DA:266,34
DA:276,34
DA:292,34
LF:19
LH:19
BRDA:213,0,0,34
BRF:1
BRH:1
end_of_record
TN:
SF:lib/stack/security-stack.ts
FN:138,(anonymous_0)
FNF:1
FNH:1
FNDA:34,(anonymous_0)
DA:22,1
DA:27,1
DA:28,1
DA:87,1
DA:139,34
DA:144,34
DA:152,34
DA:161,34
DA:162,34
DA:163,34
DA:166,34
DA:167,34
DA:174,34
DA:180,34
DA:186,34
DA:193,34
DA:199,34
LF:17
LH:17
BRF:0
BRH:0
end_of_record
